#-----------------------------------------------------------
# Vivado v2024.2 (64-bit)
# SW Build 5239630 on Fri Nov 08 22:35:27 MST 2024
# IP Build 5239520 on Sun Nov 10 16:12:51 MST 2024
# SharedData Build 5239561 on Fri Nov 08 14:39:27 MST 2024
# Start of session at: Sun Mar  8 19:31:15 2026
# Process ID         : 7404
# Current directory  : C:/Users/Andres.Samson/Documents/ECE 485 Files/ece485_final_cadet_stage1
# Command line       : vivado.exe -gui_launcher_event rodinguilauncherevent26884 C:\Users\Andres.Samson\Documents\ECE 485 Files\ece485_final_cadet_stage1\ece485_final_cadet_stage1.xpr
# Log file           : C:/Users/Andres.Samson/Documents/ECE 485 Files/ece485_final_cadet_stage1/vivado.log
# Journal file       : C:/Users/Andres.Samson/Documents/ECE 485 Files/ece485_final_cadet_stage1\vivado.jou
# Running On         : C26-5CG2151F2R
# Platform           : Windows Server 2016 or Windows 10
# Operating System   : 22631
# Processor Detail   : 11th Gen Intel(R) Core(TM) i7-1165G7 @ 2.80GHz
# CPU Frequency      : 2803 MHz
# CPU Physical cores : 4
# CPU Logical cores  : 8
# Host memory        : 16425 MB
# Swap memory        : 13958 MB
# Total Virtual      : 30384 MB
# Available Virtual  : 12801 MB
#-----------------------------------------------------------
start_gui
open_project {C:/Users/Andres.Samson/Documents/ECE 485 Files/ece485_final_cadet_stage1/ece485_final_cadet_stage1.xpr}
INFO: [filemgmt 56-3] Default IP Output Path : Could not find the directory 'C:/Users/Andres.Samson/Documents/ECE 485 Files/ece485_final_cadet_stage1/ece485_final_cadet_stage1.gen/sources_1'.
Scanning sources...
Finished scanning sources
INFO: [IP_Flow 19-234] Refreshing IP repositories
INFO: [IP_Flow 19-1704] No user IP repositories specified
INFO: [IP_Flow 19-2313] Loaded Vivado IP repository 'C:/Xilinx/Vivado/2024.2/data/ip'.
open_project: Time (s): cpu = 00:00:07 ; elapsed = 00:00:06 . Memory (MB): peak = 1105.184 ; gain = 65.141
exit
INFO: [Common 17-206] Exiting VivadoWARNING: [filemgmt 56-199] Attempt to get parsing info during refresh. "On-the-fly" syntax checking information may be incorrect. [C:\Users\Andres.Samson\Documents\ECE 485 Files\ece485_final_cadet_stage1\instr_mem.vhdl:]
WARNING: [filemgmt 56-199] Attempt to get parsing info during refresh. "On-the-fly" syntax checking information may be incorrect. [C:\Users\Andres.Samson\Documents\ECE 485 Files\ece485_final_cadet_stage1\riscv_multicycle.vhdl:]
WARNING: [filemgmt 56-199] Attempt to get parsing info during refresh. "On-the-fly" syntax checking information may be incorrect. [C:\Users\Andres.Samson\Documents\ECE 485 Files\ece485_final_cadet_stage1\riscv_multicycle.vhdl:]
WARNING: [filemgmt 56-199] Attempt to get parsing info during refresh. "On-the-fly" syntax checking information may be incorrect. [C:\Users\Andres.Samson\Documents\ECE 485 Files\ece485_final_cadet_stage1\riscv_multicycle.vhdl:]
ERROR: [Common 17-180] Spawn failed: No error
WARNING: [filemgmt 56-199] Attempt to get parsing info during refresh. "On-the-fly" syntax checking information may be incorrect. [C:\Users\Andres.Samson\Documents\ECE 485 Files\ece485_final_cadet_stage1\instr_mem.vhdl:]
WARNING: [filemgmt 56-199] Attempt to get parsing info during refresh. "On-the-fly" syntax checking information may be incorrect. [C:\Users\Andres.Samson\Documents\ECE 485 Files\ece485_final_cadet_stage1\riscv_multicycle.vhdl:]
WARNING: [filemgmt 56-199] Attempt to get parsing info during refresh. "On-the-fly" syntax checking information may be incorrect. [C:\Users\Andres.Samson\Documents\ECE 485 Files\ece485_final_cadet_stage1\riscv_multicycle.vhdl:]
WARNING: [filemgmt 56-199] Attempt to get parsing info during refresh. "On-the-fly" syntax checking information may be incorrect. [C:\Users\Andres.Samson\Documents\ECE 485 Files\ece485_final_cadet_stage1\riscv_multicycle.vhdl:]
ERROR: [Common 17-180] Spawn failed: No error
WARNING: [filemgmt 56-199] Attempt to get parsing info during refresh. "On-the-fly" syntax checking information may be incorrect. [C:\Users\Andres.Samson\Documents\ECE 485 Files\ece485_final_cadet_stage1\instr_mem.vhdl:]
WARNING: [filemgmt 56-199] Attempt to get parsing info during refresh. "On-the-fly" syntax checking information may be incorrect. [C:\Users\Andres.Samson\Documents\ECE 485 Files\ece485_final_cadet_stage1\riscv_multicycle.vhdl:]
WARNING: [filemgmt 56-199] Attempt to get parsing info during refresh. "On-the-fly" syntax checking information may be incorrect. [C:\Users\Andres.Samson\Documents\ECE 485 Files\ece485_final_cadet_stage1\riscv_multicycle.vhdl:]
WARNING: [filemgmt 56-199] Attempt to get parsing info during refresh. "On-the-fly" syntax checking information may be incorrect. [C:\Users\Andres.Samson\Documents\ECE 485 Files\ece485_final_cadet_stage1\riscv_multicycle.vhdl:]
ERROR: [Common 17-180] Spawn failed: No error
WARNING: [filemgmt 56-199] Attempt to get parsing info during refresh. "On-the-fly" syntax checking information may be incorrect. [C:\Users\Andres.Samson\Documents\ECE 485 Files\ece485_final_cadet_stage1\instr_mem.vhdl:]
WARNING: [filemgmt 56-199] Attempt to get parsing info during refresh. "On-the-fly" syntax checking information may be incorrect. [C:\Users\Andres.Samson\Documents\ECE 485 Files\ece485_final_cadet_stage1\riscv_multicycle.vhdl:]
WARNING: [filemgmt 56-199] Attempt to get parsing info during refresh. "On-the-fly" syntax checking information may be incorrect. [C:\Users\Andres.Samson\Documents\ECE 485 Files\ece485_final_cadet_stage1\riscv_multicycle.vhdl:]
WARNING: [filemgmt 56-199] Attempt to get parsing info during refresh. "On-the-fly" syntax checking information may be incorrect. [C:\Users\Andres.Samson\Documents\ECE 485 Files\ece485_final_cadet_stage1\riscv_multicycle.vhdl:]
ERROR: [Common 17-180] Spawn failed: No error
WARNING: [filemgmt 56-199] Attempt to get parsing info during refresh. "On-the-fly" syntax checking information may be incorrect. [C:\Users\Andres.Samson\Documents\ECE 485 Files\ece485_final_cadet_stage1\instr_mem.vhdl:]
WARNING: [filemgmt 56-199] Attempt to get parsing info during refresh. "On-the-fly" syntax checking information may be incorrect. [C:\Users\Andres.Samson\Documents\ECE 485 Files\ece485_final_cadet_stage1\riscv_multicycle.vhdl:]
WARNING: [filemgmt 56-199] Attempt to get parsing info during refresh. "On-the-fly" syntax checking information may be incorrect. [C:\Users\Andres.Samson\Documents\ECE 485 Files\ece485_final_cadet_stage1\riscv_multicycle.vhdl:]
WARNING: [filemgmt 56-199] Attempt to get parsing info during refresh. "On-the-fly" syntax checking information may be incorrect. [C:\Users\Andres.Samson\Documents\ECE 485 Files\ece485_final_cadet_stage1\riscv_multicycle.vhdl:]
ERROR: [Common 17-180] Spawn failed: No error
WARNING: [filemgmt 56-199] Attempt to get parsing info during refresh. "On-the-fly" syntax checking information may be incorrect. [C:\Users\Andres.Samson\Documents\ECE 485 Files\ece485_final_cadet_stage1\instr_mem.vhdl:]
WARNING: [filemgmt 56-199] Attempt to get parsing info during refresh. "On-the-fly" syntax checking information may be incorrect. [C:\Users\Andres.Samson\Documents\ECE 485 Files\ece485_final_cadet_stage1\riscv_multicycle.vhdl:]
WARNING: [filemgmt 56-199] Attempt to get parsing info during refresh. "On-the-fly" syntax checking information may be incorrect. [C:\Users\Andres.Samson\Documents\ECE 485 Files\ece485_final_cadet_stage1\riscv_multicycle.vhdl:]
WARNING: [filemgmt 56-199] Attempt to get parsing info during refresh. "On-the-fly" syntax checking information may be incorrect. [C:\Users\Andres.Samson\Documents\ECE 485 Files\ece485_final_cadet_stage1\riscv_multicycle.vhdl:]
ERROR: [Common 17-180] Spawn failed: No error
WARNING: [filemgmt 56-199] Attempt to get parsing info during refresh. "On-the-fly" syntax checking information may be incorrect. [C:\Users\Andres.Samson\Documents\ECE 485 Files\ece485_final_cadet_stage1\instr_mem.vhdl:]
WARNING: [filemgmt 56-199] Attempt to get parsing info during refresh. "On-the-fly" syntax checking information may be incorrect. [C:\Users\Andres.Samson\Documents\ECE 485 Files\ece485_final_cadet_stage1\riscv_multicycle.vhdl:]
WARNING: [filemgmt 56-199] Attempt to get parsing info during refresh. "On-the-fly" syntax checking information may be incorrect. [C:\Users\Andres.Samson\Documents\ECE 485 Files\ece485_final_cadet_stage1\riscv_multicycle.vhdl:]
WARNING: [filemgmt 56-199] Attempt to get parsing info during refresh. "On-the-fly" syntax checking information may be incorrect. [C:\Users\Andres.Samson\Documents\ECE 485 Files\ece485_final_cadet_stage1\riscv_multicycle.vhdl:]
ERROR: [Common 17-180] Spawn failed: No error
launch_simulation
Command: launch_simulation 
INFO: [Vivado 12-12493] Simulation top is 'tb_riscv_multicycle'
WARNING: [Vivado 12-13340] Unable to auto find GCC executables from simulator install path! (path not set)
INFO: [Vivado 12-5682] Launching behavioral simulation in 'C:/Users/Andres.Samson/Documents/ECE 485 Files/ece485_final_cadet_stage1/ece485_final_cadet_stage1.sim/sim_1/behav/xsim'
INFO: [SIM-utils-51] Simulation object is 'sim_1'
INFO: [SIM-utils-72] Using boost library from 'C:/Xilinx/Vivado/2024.2/tps/boost_1_72_0'
INFO: [SIM-utils-54] Inspecting design source files for 'tb_riscv_multicycle' in fileset 'sim_1'...
INFO: [USF-XSim-97] Finding global include files...
INFO: [USF-XSim-98] Fetching design files from 'sim_1'...
INFO: [USF-XSim-2] XSim::Compile design
INFO: [USF-XSim-61] Executing 'COMPILE and ANALYZE' step in 'C:/Users/Andres.Samson/Documents/ECE 485 Files/ece485_final_cadet_stage1/ece485_final_cadet_stage1.sim/sim_1/behav/xsim'
"xvhdl --incr --relax -prj tb_riscv_multicycle_vhdl.prj"
INFO: [VRFC 10-163] Analyzing VHDL file "C:/Users/Andres.Samson/Documents/ECE 485 Files/ece485_final_cadet_stage1/alu.vhdl" into library xil_defaultlib
INFO: [VRFC 10-3107] analyzing entity 'alu'
INFO: [VRFC 10-163] Analyzing VHDL file "C:/Users/Andres.Samson/Documents/ECE 485 Files/ece485_final_cadet_stage1/alu_control.vhdl" into library xil_defaultlib
INFO: [VRFC 10-3107] analyzing entity 'alu_control'
INFO: [VRFC 10-163] Analyzing VHDL file "C:/Users/Andres.Samson/Documents/ECE 485 Files/ece485_final_cadet_stage1/control_unit.vhdl" into library xil_defaultlib
INFO: [VRFC 10-3107] analyzing entity 'control_unit'
INFO: [VRFC 10-163] Analyzing VHDL file "C:/Users/Andres.Samson/Documents/ECE 485 Files/ece485_final_cadet_stage1/data_mem.vhdl" into library xil_defaultlib
INFO: [VRFC 10-3107] analyzing entity 'data_mem'
INFO: [VRFC 10-163] Analyzing VHDL file "C:/Users/Andres.Samson/Documents/ECE 485 Files/ece485_final_cadet_stage1/immediate_generator.vhdl" into library xil_defaultlib
INFO: [VRFC 10-3107] analyzing entity 'immediate_generator'
INFO: [VRFC 10-163] Analyzing VHDL file "C:/Users/Andres.Samson/Documents/ECE 485 Files/ece485_final_cadet_stage1/instr_mem.vhdl" into library xil_defaultlib
INFO: [VRFC 10-3107] analyzing entity 'instr_mem'
INFO: [VRFC 10-163] Analyzing VHDL file "C:/Users/Andres.Samson/Documents/ECE 485 Files/ece485_final_cadet_stage1/pc.vhdl" into library xil_defaultlib
INFO: [VRFC 10-3107] analyzing entity 'pc_live'
INFO: [VRFC 10-163] Analyzing VHDL file "C:/Users/Andres.Samson/Documents/ECE 485 Files/ece485_final_cadet_stage1/reg_file.vhdl" into library xil_defaultlib
INFO: [VRFC 10-3107] analyzing entity 'reg_file'
INFO: [VRFC 10-163] Analyzing VHDL file "C:/Users/Andres.Samson/Documents/ECE 485 Files/ece485_final_cadet_stage1/riscv_multicycle.vhdl" into library xil_defaultlib
INFO: [VRFC 10-3107] analyzing entity 'riscv_multicycle'
INFO: [VRFC 10-163] Analyzing VHDL file "C:/Users/Andres.Samson/Documents/ECE 485 Files/ece485_final_cadet_stage1/tb_riscv_multicycle.vhdl" into library xil_defaultlib
INFO: [VRFC 10-3107] analyzing entity 'tb_riscv_multicycle'
INFO: [USF-XSim-69] 'compile' step finished in '4' seconds
INFO: [USF-XSim-3] XSim::Elaborate design
INFO: [USF-XSim-61] Executing 'ELABORATE' step in 'C:/Users/Andres.Samson/Documents/ECE 485 Files/ece485_final_cadet_stage1/ece485_final_cadet_stage1.sim/sim_1/behav/xsim'
"xelab --incr --debug typical --relax --mt 2 -L xil_defaultlib -L secureip --snapshot tb_riscv_multicycle_behav xil_defaultlib.tb_riscv_multicycle -log elaborate.log"
Vivado Simulator v2024.2.0
Copyright 1986-2022 Xilinx, Inc. All Rights Reserved.
Copyright 2022-2024 Advanced Micro Devices, Inc. All Rights Reserved.
Running: C:/Xilinx/Vivado/2024.2/bin/unwrapped/win64.o/xelab.exe --incr --debug typical --relax --mt 2 -L xil_defaultlib -L secureip --snapshot tb_riscv_multicycle_behav xil_defaultlib.tb_riscv_multicycle -log elaborate.log 
Using 2 slave threads.
Starting static elaboration
Completed static elaboration
Starting simulation data flow analysis
Completed simulation data flow analysis
Time Resolution for simulation is 1ps
Compiling package std.standard
Compiling package std.textio
Compiling package ieee.std_logic_1164
Compiling package ieee.numeric_std
Compiling architecture behavioral of entity xil_defaultlib.pc_live [pc_live_default]
Compiling architecture behavioral of entity xil_defaultlib.instr_mem [instr_mem_default]
Compiling architecture behavioral of entity xil_defaultlib.alu_control [alu_control_default]
Compiling architecture behavioral of entity xil_defaultlib.reg_file [reg_file_default]
Compiling architecture behavioral of entity xil_defaultlib.control_unit [control_unit_default]
Compiling architecture behavioral of entity xil_defaultlib.immediate_generator [immediate_generator_default]
Compiling architecture behavioral of entity xil_defaultlib.alu [alu_default]
Compiling architecture behavioral of entity xil_defaultlib.data_mem [data_mem_default]
Compiling architecture behavioral of entity xil_defaultlib.riscv_multicycle [riscv_multicycle_default]
Compiling architecture behavioral of entity xil_defaultlib.tb_riscv_multicycle
Built simulation snapshot tb_riscv_multicycle_behav
run_program: Time (s): cpu = 00:00:01 ; elapsed = 00:00:08 . Memory (MB): peak = 1128.113 ; gain = 0.000
INFO: [USF-XSim-69] 'elaborate' step finished in '8' seconds
INFO: [USF-XSim-4] XSim::Simulate design
INFO: [USF-XSim-61] Executing 'SIMULATE' step in 'C:/Users/Andres.Samson/Documents/ECE 485 Files/ece485_final_cadet_stage1/ece485_final_cadet_stage1.sim/sim_1/behav/xsim'
INFO: [USF-XSim-98] *** Running xsim
   with args "tb_riscv_multicycle_behav -key {Behavioral:sim_1:Functional:tb_riscv_multicycle} -tclbatch {tb_riscv_multicycle.tcl} -view {{C:/Users/Andres.Samson/Documents/ECE 485 Files/ece485_final_cadet_stage1/tb_riscv_multicycle_behav.wcfg}} -log {simulate.log}"
INFO: [USF-XSim-8] Loading simulator feature
Time resolution is 1 ps
open_wave_config {C:/Users/Andres.Samson/Documents/ECE 485 Files/ece485_final_cadet_stage1/tb_riscv_multicycle_behav.wcfg}
source tb_riscv_multicycle.tcl
# set curr_wave [current_wave_config]
# if { [string length $curr_wave] == 0 } {
#   if { [llength [get_objects]] > 0} {
#     add_wave /
#     set_property needs_save false [current_wave_config]
#   } else {
#      send_msg_id Add_Wave-1 WARNING "No top level signals found. Simulator will start without a wave window. If you want to open a wave window go to 'File->New Waveform Configuration' or type 'create_wave_config' in the TCL console."
#   }
# }
# run 1000ns
INFO: [USF-XSim-96] XSim completed. Design snapshot 'tb_riscv_multicycle_behav' loaded.
INFO: [USF-XSim-97] XSim simulation ran for 1000ns
launch_simulation: Time (s): cpu = 00:00:02 ; elapsed = 00:00:19 . Memory (MB): peak = 1150.863 ; gain = 22.750
save_wave_config {C:/Users/Andres.Samson/Documents/ECE 485 Files/ece485_final_cadet_stage1/tb_riscv_multicycle_behav.wcfg}
WARNING: [filemgmt 56-199] Attempt to get parsing info during refresh. "On-the-fly" syntax checking information may be incorrect. [C:\Users\Andres.Samson\Documents\ECE 485 Files\ece485_final_cadet_stage1\instr_mem.vhdl:]
WARNING: [filemgmt 56-199] Attempt to get parsing info during refresh. "On-the-fly" syntax checking information may be incorrect. [C:\Users\Andres.Samson\Documents\ECE 485 Files\ece485_final_cadet_stage1\riscv_multicycle.vhdl:]
WARNING: [filemgmt 56-199] Attempt to get parsing info during refresh. "On-the-fly" syntax checking information may be incorrect. [C:\Users\Andres.Samson\Documents\ECE 485 Files\ece485_final_cadet_stage1\riscv_multicycle.vhdl:]
WARNING: [filemgmt 56-199] Attempt to get parsing info during refresh. "On-the-fly" syntax checking information may be incorrect. [C:\Users\Andres.Samson\Documents\ECE 485 Files\ece485_final_cadet_stage1\riscv_multicycle.vhdl:]
ERROR: [Common 17-180] Spawn failed: No error
WARNING: [filemgmt 56-199] Attempt to get parsing info during refresh. "On-the-fly" syntax checking information may be incorrect. [C:\Users\Andres.Samson\Documents\ECE 485 Files\ece485_final_cadet_stage1\instr_mem.vhdl:]
WARNING: [filemgmt 56-199] Attempt to get parsing info during refresh. "On-the-fly" syntax checking information may be incorrect. [C:\Users\Andres.Samson\Documents\ECE 485 Files\ece485_final_cadet_stage1\riscv_multicycle.vhdl:]
WARNING: [filemgmt 56-199] Attempt to get parsing info during refresh. "On-the-fly" syntax checking information may be incorrect. [C:\Users\Andres.Samson\Documents\ECE 485 Files\ece485_final_cadet_stage1\riscv_multicycle.vhdl:]
WARNING: [filemgmt 56-199] Attempt to get parsing info during refresh. "On-the-fly" syntax checking information may be incorrect. [C:\Users\Andres.Samson\Documents\ECE 485 Files\ece485_final_cadet_stage1\riscv_multicycle.vhdl:]
ERROR: [Common 17-180] Spawn failed: No error
close_sim
INFO: [Simtcl 6-16] Simulation closed
launch_simulation
Command: launch_simulation 
INFO: [Vivado 12-12493] Simulation top is 'tb_riscv_multicycle'
WARNING: [Vivado 12-13340] Unable to auto find GCC executables from simulator install path! (path not set)
INFO: [Vivado 12-5682] Launching behavioral simulation in 'C:/Users/Andres.Samson/Documents/ECE 485 Files/ece485_final_cadet_stage1/ece485_final_cadet_stage1.sim/sim_1/behav/xsim'
INFO: [SIM-utils-51] Simulation object is 'sim_1'
INFO: [SIM-utils-72] Using boost library from 'C:/Xilinx/Vivado/2024.2/tps/boost_1_72_0'
INFO: [SIM-utils-54] Inspecting design source files for 'tb_riscv_multicycle' in fileset 'sim_1'...
INFO: [USF-XSim-97] Finding global include files...
INFO: [USF-XSim-98] Fetching design files from 'sim_1'...
INFO: [USF-XSim-2] XSim::Compile design
INFO: [USF-XSim-61] Executing 'COMPILE and ANALYZE' step in 'C:/Users/Andres.Samson/Documents/ECE 485 Files/ece485_final_cadet_stage1/ece485_final_cadet_stage1.sim/sim_1/behav/xsim'
"xvhdl --incr --relax -prj tb_riscv_multicycle_vhdl.prj"
INFO: [VRFC 10-163] Analyzing VHDL file "C:/Users/Andres.Samson/Documents/ECE 485 Files/ece485_final_cadet_stage1/instr_mem.vhdl" into library xil_defaultlib
INFO: [VRFC 10-3107] analyzing entity 'instr_mem'
INFO: [USF-XSim-69] 'compile' step finished in '3' seconds
INFO: [USF-XSim-3] XSim::Elaborate design
INFO: [USF-XSim-61] Executing 'ELABORATE' step in 'C:/Users/Andres.Samson/Documents/ECE 485 Files/ece485_final_cadet_stage1/ece485_final_cadet_stage1.sim/sim_1/behav/xsim'
"xelab --incr --debug typical --relax --mt 2 -L xil_defaultlib -L secureip --snapshot tb_riscv_multicycle_behav xil_defaultlib.tb_riscv_multicycle -log elaborate.log"
Vivado Simulator v2024.2.0
Copyright 1986-2022 Xilinx, Inc. All Rights Reserved.
Copyright 2022-2024 Advanced Micro Devices, Inc. All Rights Reserved.
Running: C:/Xilinx/Vivado/2024.2/bin/unwrapped/win64.o/xelab.exe --incr --debug typical --relax --mt 2 -L xil_defaultlib -L secureip --snapshot tb_riscv_multicycle_behav xil_defaultlib.tb_riscv_multicycle -log elaborate.log 
Using 2 slave threads.
Starting static elaboration
Completed static elaboration
Starting simulation data flow analysis
Completed simulation data flow analysis
Time Resolution for simulation is 1ps
Compiling package std.standard
Compiling package std.textio
Compiling package ieee.std_logic_1164
Compiling package ieee.numeric_std
Compiling architecture behavioral of entity xil_defaultlib.pc_live [pc_live_default]
Compiling architecture behavioral of entity xil_defaultlib.instr_mem [instr_mem_default]
Compiling architecture behavioral of entity xil_defaultlib.alu_control [alu_control_default]
Compiling architecture behavioral of entity xil_defaultlib.reg_file [reg_file_default]
Compiling architecture behavioral of entity xil_defaultlib.control_unit [control_unit_default]
Compiling architecture behavioral of entity xil_defaultlib.immediate_generator [immediate_generator_default]
Compiling architecture behavioral of entity xil_defaultlib.alu [alu_default]
Compiling architecture behavioral of entity xil_defaultlib.data_mem [data_mem_default]
Compiling architecture behavioral of entity xil_defaultlib.riscv_multicycle [riscv_multicycle_default]
Compiling architecture behavioral of entity xil_defaultlib.tb_riscv_multicycle
Built simulation snapshot tb_riscv_multicycle_behav
INFO: [USF-XSim-69] 'elaborate' step finished in '5' seconds
INFO: [USF-XSim-4] XSim::Simulate design
INFO: [USF-XSim-61] Executing 'SIMULATE' step in 'C:/Users/Andres.Samson/Documents/ECE 485 Files/ece485_final_cadet_stage1/ece485_final_cadet_stage1.sim/sim_1/behav/xsim'
INFO: [USF-XSim-98] *** Running xsim
   with args "tb_riscv_multicycle_behav -key {Behavioral:sim_1:Functional:tb_riscv_multicycle} -tclbatch {tb_riscv_multicycle.tcl} -view {{C:/Users/Andres.Samson/Documents/ECE 485 Files/ece485_final_cadet_stage1/tb_riscv_multicycle_behav.wcfg}} -log {simulate.log}"
INFO: [USF-XSim-8] Loading simulator feature
Time resolution is 1 ps
open_wave_config {C:/Users/Andres.Samson/Documents/ECE 485 Files/ece485_final_cadet_stage1/tb_riscv_multicycle_behav.wcfg}
source tb_riscv_multicycle.tcl
# set curr_wave [current_wave_config]
# if { [string length $curr_wave] == 0 } {
#   if { [llength [get_objects]] > 0} {
#     add_wave /
#     set_property needs_save false [current_wave_config]
#   } else {
#      send_msg_id Add_Wave-1 WARNING "No top level signals found. Simulator will start without a wave window. If you want to open a wave window go to 'File->New Waveform Configuration' or type 'create_wave_config' in the TCL console."
#   }
# }
# run 1000ns
INFO: [USF-XSim-96] XSim completed. Design snapshot 'tb_riscv_multicycle_behav' loaded.
INFO: [USF-XSim-97] XSim simulation ran for 1000ns
launch_simulation: Time (s): cpu = 00:00:01 ; elapsed = 00:00:12 . Memory (MB): peak = 2201.551 ; gain = 0.000
create_wave_config; add_wave /; set_property needs_save false [current_wave_config]
close_sim
INFO: [Simtcl 6-16] Simulation closed
launch_simulation
Command: launch_simulation 
INFO: [Vivado 12-12493] Simulation top is 'tb_riscv_multicycle'
WARNING: [Vivado 12-13340] Unable to auto find GCC executables from simulator install path! (path not set)
INFO: [Vivado 12-5682] Launching behavioral simulation in 'C:/Users/Andres.Samson/Documents/ECE 485 Files/ece485_final_cadet_stage1/ece485_final_cadet_stage1.sim/sim_1/behav/xsim'
INFO: [SIM-utils-51] Simulation object is 'sim_1'
INFO: [SIM-utils-72] Using boost library from 'C:/Xilinx/Vivado/2024.2/tps/boost_1_72_0'
INFO: [SIM-utils-54] Inspecting design source files for 'tb_riscv_multicycle' in fileset 'sim_1'...
INFO: [USF-XSim-97] Finding global include files...
INFO: [USF-XSim-98] Fetching design files from 'sim_1'...
INFO: [USF-XSim-2] XSim::Compile design
INFO: [USF-XSim-61] Executing 'COMPILE and ANALYZE' step in 'C:/Users/Andres.Samson/Documents/ECE 485 Files/ece485_final_cadet_stage1/ece485_final_cadet_stage1.sim/sim_1/behav/xsim'
"xvhdl --incr --relax -prj tb_riscv_multicycle_vhdl.prj"
INFO: [USF-XSim-69] 'compile' step finished in '3' seconds
INFO: [USF-XSim-3] XSim::Elaborate design
INFO: [USF-XSim-61] Executing 'ELABORATE' step in 'C:/Users/Andres.Samson/Documents/ECE 485 Files/ece485_final_cadet_stage1/ece485_final_cadet_stage1.sim/sim_1/behav/xsim'
"xelab --incr --debug typical --relax --mt 2 -L xil_defaultlib -L secureip --snapshot tb_riscv_multicycle_behav xil_defaultlib.tb_riscv_multicycle -log elaborate.log"
Vivado Simulator v2024.2.0
Copyright 1986-2022 Xilinx, Inc. All Rights Reserved.
Copyright 2022-2024 Advanced Micro Devices, Inc. All Rights Reserved.
Running: C:/Xilinx/Vivado/2024.2/bin/unwrapped/win64.o/xelab.exe --incr --debug typical --relax --mt 2 -L xil_defaultlib -L secureip --snapshot tb_riscv_multicycle_behav xil_defaultlib.tb_riscv_multicycle -log elaborate.log 
Using 2 slave threads.
Starting static elaboration
Completed static elaboration
INFO: [XSIM 43-4323] No Change in HDL. Linking previously generated obj files to create kernel
INFO: [USF-XSim-69] 'elaborate' step finished in '3' seconds
INFO: [USF-XSim-4] XSim::Simulate design
INFO: [USF-XSim-61] Executing 'SIMULATE' step in 'C:/Users/Andres.Samson/Documents/ECE 485 Files/ece485_final_cadet_stage1/ece485_final_cadet_stage1.sim/sim_1/behav/xsim'
INFO: [USF-XSim-98] *** Running xsim
   with args "tb_riscv_multicycle_behav -key {Behavioral:sim_1:Functional:tb_riscv_multicycle} -tclbatch {tb_riscv_multicycle.tcl} -view {{C:/Users/Andres.Samson/Documents/ECE 485 Files/ece485_final_cadet_stage1/tb_riscv_multicycle_behav.wcfg}} -log {simulate.log}"
INFO: [USF-XSim-8] Loading simulator feature
Time resolution is 1 ps
open_wave_config {C:/Users/Andres.Samson/Documents/ECE 485 Files/ece485_final_cadet_stage1/tb_riscv_multicycle_behav.wcfg}
source tb_riscv_multicycle.tcl
# set curr_wave [current_wave_config]
# if { [string length $curr_wave] == 0 } {
#   if { [llength [get_objects]] > 0} {
#     add_wave /
#     set_property needs_save false [current_wave_config]
#   } else {
#      send_msg_id Add_Wave-1 WARNING "No top level signals found. Simulator will start without a wave window. If you want to open a wave window go to 'File->New Waveform Configuration' or type 'create_wave_config' in the TCL console."
#   }
# }
# run 1000ns
INFO: [USF-XSim-96] XSim completed. Design snapshot 'tb_riscv_multicycle_behav' loaded.
INFO: [USF-XSim-97] XSim simulation ran for 1000ns
launch_simulation: Time (s): cpu = 00:00:01 ; elapsed = 00:00:09 . Memory (MB): peak = 2201.551 ; gain = 0.000
close_sim
INFO: [Simtcl 6-16] Simulation closed
WARNING: [filemgmt 56-199] Attempt to get parsing info during refresh. "On-the-fly" syntax checking information may be incorrect. [C:\Users\Andres.Samson\Documents\ECE 485 Files\ece485_final_cadet_stage1\instr_mem.vhdl:]
WARNING: [filemgmt 56-199] Attempt to get parsing info during refresh. "On-the-fly" syntax checking information may be incorrect. [C:\Users\Andres.Samson\Documents\ECE 485 Files\ece485_final_cadet_stage1\riscv_multicycle.vhdl:]
WARNING: [filemgmt 56-199] Attempt to get parsing info during refresh. "On-the-fly" syntax checking information may be incorrect. [C:\Users\Andres.Samson\Documents\ECE 485 Files\ece485_final_cadet_stage1\riscv_multicycle.vhdl:]
WARNING: [filemgmt 56-199] Attempt to get parsing info during refresh. "On-the-fly" syntax checking information may be incorrect. [C:\Users\Andres.Samson\Documents\ECE 485 Files\ece485_final_cadet_stage1\riscv_multicycle.vhdl:]
ERROR: [Common 17-180] Spawn failed: No error
launch_simulation
Command: launch_simulation 
INFO: [Vivado 12-12493] Simulation top is 'tb_riscv_multicycle'
WARNING: [Vivado 12-13340] Unable to auto find GCC executables from simulator install path! (path not set)
INFO: [Vivado 12-5682] Launching behavioral simulation in 'C:/Users/Andres.Samson/Documents/ECE 485 Files/ece485_final_cadet_stage1/ece485_final_cadet_stage1.sim/sim_1/behav/xsim'
INFO: [SIM-utils-51] Simulation object is 'sim_1'
INFO: [SIM-utils-72] Using boost library from 'C:/Xilinx/Vivado/2024.2/tps/boost_1_72_0'
INFO: [SIM-utils-54] Inspecting design source files for 'tb_riscv_multicycle' in fileset 'sim_1'...
INFO: [USF-XSim-97] Finding global include files...
INFO: [USF-XSim-98] Fetching design files from 'sim_1'...
INFO: [USF-XSim-2] XSim::Compile design
INFO: [USF-XSim-61] Executing 'COMPILE and ANALYZE' step in 'C:/Users/Andres.Samson/Documents/ECE 485 Files/ece485_final_cadet_stage1/ece485_final_cadet_stage1.sim/sim_1/behav/xsim'
"xvhdl --incr --relax -prj tb_riscv_multicycle_vhdl.prj"
INFO: [VRFC 10-163] Analyzing VHDL file "C:/Users/Andres.Samson/Documents/ECE 485 Files/ece485_final_cadet_stage1/instr_mem.vhdl" into library xil_defaultlib
INFO: [VRFC 10-3107] analyzing entity 'instr_mem'
INFO: [USF-XSim-69] 'compile' step finished in '3' seconds
INFO: [USF-XSim-3] XSim::Elaborate design
INFO: [USF-XSim-61] Executing 'ELABORATE' step in 'C:/Users/Andres.Samson/Documents/ECE 485 Files/ece485_final_cadet_stage1/ece485_final_cadet_stage1.sim/sim_1/behav/xsim'
"xelab --incr --debug typical --relax --mt 2 -L xil_defaultlib -L secureip --snapshot tb_riscv_multicycle_behav xil_defaultlib.tb_riscv_multicycle -log elaborate.log"
Vivado Simulator v2024.2.0
Copyright 1986-2022 Xilinx, Inc. All Rights Reserved.
Copyright 2022-2024 Advanced Micro Devices, Inc. All Rights Reserved.
Running: C:/Xilinx/Vivado/2024.2/bin/unwrapped/win64.o/xelab.exe --incr --debug typical --relax --mt 2 -L xil_defaultlib -L secureip --snapshot tb_riscv_multicycle_behav xil_defaultlib.tb_riscv_multicycle -log elaborate.log 
Using 2 slave threads.
Starting static elaboration
ERROR: [VRFC 10-666] expression has 36 elements; expected 32 [C:/Users/Andres.Samson/Documents/ECE 485 Files/ece485_final_cadet_stage1/instr_mem.vhdl:14]
ERROR: [XSIM 43-3321] Static elaboration of top level VHDL design unit tb_riscv_multicycle in library work failed.
INFO: [USF-XSim-69] 'elaborate' step finished in '3' seconds
INFO: [USF-XSim-99] Step results log file:'C:/Users/Andres.Samson/Documents/ECE 485 Files/ece485_final_cadet_stage1/ece485_final_cadet_stage1.sim/sim_1/behav/xsim/elaborate.log'
ERROR: [USF-XSim-62] 'elaborate' step failed with error(s). Please check the Tcl console output or 'C:/Users/Andres.Samson/Documents/ECE 485 Files/ece485_final_cadet_stage1/ece485_final_cadet_stage1.sim/sim_1/behav/xsim/elaborate.log' file for more information.
ERROR: [Vivado 12-4473] Detected error while running simulation. Please correct the issue and retry this operation.
launch_simulation: Time (s): cpu = 00:00:00 ; elapsed = 00:00:06 . Memory (MB): peak = 2201.949 ; gain = 0.000
ERROR: [Common 17-39] 'launch_simulation' failed due to earlier errors.
launch_simulation
Command: launch_simulation 
INFO: [Vivado 12-12493] Simulation top is 'tb_riscv_multicycle'
WARNING: [Vivado 12-13340] Unable to auto find GCC executables from simulator install path! (path not set)
INFO: [Vivado 12-5682] Launching behavioral simulation in 'C:/Users/Andres.Samson/Documents/ECE 485 Files/ece485_final_cadet_stage1/ece485_final_cadet_stage1.sim/sim_1/behav/xsim'
INFO: [SIM-utils-51] Simulation object is 'sim_1'
INFO: [SIM-utils-72] Using boost library from 'C:/Xilinx/Vivado/2024.2/tps/boost_1_72_0'
INFO: [SIM-utils-54] Inspecting design source files for 'tb_riscv_multicycle' in fileset 'sim_1'...
INFO: [USF-XSim-97] Finding global include files...
INFO: [USF-XSim-98] Fetching design files from 'sim_1'...
INFO: [USF-XSim-2] XSim::Compile design
INFO: [USF-XSim-61] Executing 'COMPILE and ANALYZE' step in 'C:/Users/Andres.Samson/Documents/ECE 485 Files/ece485_final_cadet_stage1/ece485_final_cadet_stage1.sim/sim_1/behav/xsim'
"xvhdl --incr --relax -prj tb_riscv_multicycle_vhdl.prj"
INFO: [USF-XSim-69] 'compile' step finished in '2' seconds
INFO: [USF-XSim-3] XSim::Elaborate design
INFO: [USF-XSim-61] Executing 'ELABORATE' step in 'C:/Users/Andres.Samson/Documents/ECE 485 Files/ece485_final_cadet_stage1/ece485_final_cadet_stage1.sim/sim_1/behav/xsim'
"xelab --incr --debug typical --relax --mt 2 -L xil_defaultlib -L secureip --snapshot tb_riscv_multicycle_behav xil_defaultlib.tb_riscv_multicycle -log elaborate.log"
Vivado Simulator v2024.2.0
Copyright 1986-2022 Xilinx, Inc. All Rights Reserved.
Copyright 2022-2024 Advanced Micro Devices, Inc. All Rights Reserved.
Running: C:/Xilinx/Vivado/2024.2/bin/unwrapped/win64.o/xelab.exe --incr --debug typical --relax --mt 2 -L xil_defaultlib -L secureip --snapshot tb_riscv_multicycle_behav xil_defaultlib.tb_riscv_multicycle -log elaborate.log 
Using 2 slave threads.
Starting static elaboration
ERROR: [VRFC 10-666] expression has 36 elements; expected 32 [C:/Users/Andres.Samson/Documents/ECE 485 Files/ece485_final_cadet_stage1/instr_mem.vhdl:14]
ERROR: [XSIM 43-3321] Static elaboration of top level VHDL design unit tb_riscv_multicycle in library work failed.
INFO: [USF-XSim-69] 'elaborate' step finished in '3' seconds
INFO: [USF-XSim-99] Step results log file:'C:/Users/Andres.Samson/Documents/ECE 485 Files/ece485_final_cadet_stage1/ece485_final_cadet_stage1.sim/sim_1/behav/xsim/elaborate.log'
ERROR: [USF-XSim-62] 'elaborate' step failed with error(s). Please check the Tcl console output or 'C:/Users/Andres.Samson/Documents/ECE 485 Files/ece485_final_cadet_stage1/ece485_final_cadet_stage1.sim/sim_1/behav/xsim/elaborate.log' file for more information.
ERROR: [Vivado 12-4473] Detected error while running simulation. Please correct the issue and retry this operation.
launch_simulation: Time (s): cpu = 00:00:00 ; elapsed = 00:00:05 . Memory (MB): peak = 2201.949 ; gain = 0.000
ERROR: [Common 17-39] 'launch_simulation' failed due to earlier errors.
WARNING: [filemgmt 56-199] Attempt to get parsing info during refresh. "On-the-fly" syntax checking information may be incorrect. [C:\Users\Andres.Samson\Documents\ECE 485 Files\ece485_final_cadet_stage1\instr_mem.vhdl:]
WARNING: [filemgmt 56-199] Attempt to get parsing info during refresh. "On-the-fly" syntax checking information may be incorrect. [C:\Users\Andres.Samson\Documents\ECE 485 Files\ece485_final_cadet_stage1\riscv_multicycle.vhdl:]
WARNING: [filemgmt 56-199] Attempt to get parsing info during refresh. "On-the-fly" syntax checking information may be incorrect. [C:\Users\Andres.Samson\Documents\ECE 485 Files\ece485_final_cadet_stage1\riscv_multicycle.vhdl:]
WARNING: [filemgmt 56-199] Attempt to get parsing info during refresh. "On-the-fly" syntax checking information may be incorrect. [C:\Users\Andres.Samson\Documents\ECE 485 Files\ece485_final_cadet_stage1\riscv_multicycle.vhdl:]
ERROR: [Common 17-180] Spawn failed: No error
launch_simulation
Command: launch_simulation 
INFO: [Vivado 12-12493] Simulation top is 'tb_riscv_multicycle'
WARNING: [Vivado 12-13340] Unable to auto find GCC executables from simulator install path! (path not set)
INFO: [Vivado 12-5682] Launching behavioral simulation in 'C:/Users/Andres.Samson/Documents/ECE 485 Files/ece485_final_cadet_stage1/ece485_final_cadet_stage1.sim/sim_1/behav/xsim'
INFO: [SIM-utils-51] Simulation object is 'sim_1'
INFO: [SIM-utils-72] Using boost library from 'C:/Xilinx/Vivado/2024.2/tps/boost_1_72_0'
INFO: [SIM-utils-54] Inspecting design source files for 'tb_riscv_multicycle' in fileset 'sim_1'...
INFO: [USF-XSim-97] Finding global include files...
INFO: [USF-XSim-98] Fetching design files from 'sim_1'...
INFO: [USF-XSim-2] XSim::Compile design
INFO: [USF-XSim-61] Executing 'COMPILE and ANALYZE' step in 'C:/Users/Andres.Samson/Documents/ECE 485 Files/ece485_final_cadet_stage1/ece485_final_cadet_stage1.sim/sim_1/behav/xsim'
"xvhdl --incr --relax -prj tb_riscv_multicycle_vhdl.prj"
INFO: [VRFC 10-163] Analyzing VHDL file "C:/Users/Andres.Samson/Documents/ECE 485 Files/ece485_final_cadet_stage1/instr_mem.vhdl" into library xil_defaultlib
INFO: [VRFC 10-3107] analyzing entity 'instr_mem'
INFO: [USF-XSim-69] 'compile' step finished in '3' seconds
INFO: [USF-XSim-3] XSim::Elaborate design
INFO: [USF-XSim-61] Executing 'ELABORATE' step in 'C:/Users/Andres.Samson/Documents/ECE 485 Files/ece485_final_cadet_stage1/ece485_final_cadet_stage1.sim/sim_1/behav/xsim'
"xelab --incr --debug typical --relax --mt 2 -L xil_defaultlib -L secureip --snapshot tb_riscv_multicycle_behav xil_defaultlib.tb_riscv_multicycle -log elaborate.log"
Vivado Simulator v2024.2.0
Copyright 1986-2022 Xilinx, Inc. All Rights Reserved.
Copyright 2022-2024 Advanced Micro Devices, Inc. All Rights Reserved.
Running: C:/Xilinx/Vivado/2024.2/bin/unwrapped/win64.o/xelab.exe --incr --debug typical --relax --mt 2 -L xil_defaultlib -L secureip --snapshot tb_riscv_multicycle_behav xil_defaultlib.tb_riscv_multicycle -log elaborate.log 
Using 2 slave threads.
Starting static elaboration
Completed static elaboration
Starting simulation data flow analysis
Completed simulation data flow analysis
Time Resolution for simulation is 1ps
Compiling package std.standard
Compiling package std.textio
Compiling package ieee.std_logic_1164
Compiling package ieee.numeric_std
Compiling architecture behavioral of entity xil_defaultlib.pc_live [pc_live_default]
Compiling architecture behavioral of entity xil_defaultlib.instr_mem [instr_mem_default]
Compiling architecture behavioral of entity xil_defaultlib.alu_control [alu_control_default]
Compiling architecture behavioral of entity xil_defaultlib.reg_file [reg_file_default]
Compiling architecture behavioral of entity xil_defaultlib.control_unit [control_unit_default]
Compiling architecture behavioral of entity xil_defaultlib.immediate_generator [immediate_generator_default]
Compiling architecture behavioral of entity xil_defaultlib.alu [alu_default]
Compiling architecture behavioral of entity xil_defaultlib.data_mem [data_mem_default]
Compiling architecture behavioral of entity xil_defaultlib.riscv_multicycle [riscv_multicycle_default]
Compiling architecture behavioral of entity xil_defaultlib.tb_riscv_multicycle
Built simulation snapshot tb_riscv_multicycle_behav
INFO: [USF-XSim-69] 'elaborate' step finished in '3' seconds
INFO: [USF-XSim-4] XSim::Simulate design
INFO: [USF-XSim-61] Executing 'SIMULATE' step in 'C:/Users/Andres.Samson/Documents/ECE 485 Files/ece485_final_cadet_stage1/ece485_final_cadet_stage1.sim/sim_1/behav/xsim'
INFO: [USF-XSim-98] *** Running xsim
   with args "tb_riscv_multicycle_behav -key {Behavioral:sim_1:Functional:tb_riscv_multicycle} -tclbatch {tb_riscv_multicycle.tcl} -view {{C:/Users/Andres.Samson/Documents/ECE 485 Files/ece485_final_cadet_stage1/tb_riscv_multicycle_behav.wcfg}} -log {simulate.log}"
INFO: [USF-XSim-8] Loading simulator feature
Time resolution is 1 ps
open_wave_config {C:/Users/Andres.Samson/Documents/ECE 485 Files/ece485_final_cadet_stage1/tb_riscv_multicycle_behav.wcfg}
source tb_riscv_multicycle.tcl
# set curr_wave [current_wave_config]
# if { [string length $curr_wave] == 0 } {
#   if { [llength [get_objects]] > 0} {
#     add_wave /
#     set_property needs_save false [current_wave_config]
#   } else {
#      send_msg_id Add_Wave-1 WARNING "No top level signals found. Simulator will start without a wave window. If you want to open a wave window go to 'File->New Waveform Configuration' or type 'create_wave_config' in the TCL console."
#   }
# }
# run 1000ns
INFO: [USF-XSim-96] XSim completed. Design snapshot 'tb_riscv_multicycle_behav' loaded.
INFO: [USF-XSim-97] XSim simulation ran for 1000ns
launch_simulation: Time (s): cpu = 00:00:00 ; elapsed = 00:00:09 . Memory (MB): peak = 2201.949 ; gain = 0.000
run 100 ns
run all
run: Time (s): cpu = 00:00:07 ; elapsed = 00:00:09 . Memory (MB): peak = 2206.367 ; gain = 0.000
save_wave_config {C:/Users/Andres.Samson/Documents/ECE 485 Files/ece485_final_cadet_stage1/tb_riscv_multicycle_behav.wcfg}
save_wave_config {C:/Users/Andres.Samson/Documents/ECE 485 Files/ece485_final_cadet_stage1/tb_riscv_multicycle_behav.wcfg}
close_sim
INFO: [Simtcl 6-16] Simulation closed
exit
INFO: [Common 17-206] Exiting Vivado at Sun Mar  8 21:34:24 2026...
